  Longint.cpp
D:\LABY\BSUIR\tests1PPOIS\tests1PPOIS\Longint.cpp(20,42): warning C4267: return: преобразование из "size_t" в "int"; возможна потеря данных
D:\LABY\BSUIR\tests1PPOIS\tests1PPOIS\Longint.cpp(260,1): warning C4138: "*/" найден вне комментария
D:\LABY\BSUIR\tests1PPOIS\tests1PPOIS\Longint.cpp(260,2): error C2059: синтаксическая ошибка: /
  test.cpp
D:\LABY\BSUIR\tests1PPOIS\tests1PPOIS\Longint.cpp(20,42): warning C4267: return: преобразование из "size_t" в "int"; возможна потеря данных
D:\LABY\BSUIR\tests1PPOIS\tests1PPOIS\Longint.cpp(260,1): warning C4138: "*/" найден вне комментария
D:\LABY\BSUIR\tests1PPOIS\tests1PPOIS\Longint.cpp(260,2): error C2059: синтаксическая ошибка: /
D:\LABY\BSUIR\tests1PPOIS\tests1PPOIS\test.cpp(5,1): error C2059: синтаксическая ошибка: public
D:\LABY\BSUIR\tests1PPOIS\tests1PPOIS\test.cpp(5,1): error C2143: синтаксическая ошибка: отсутствие ";" перед "{"
D:\LABY\BSUIR\tests1PPOIS\tests1PPOIS\test.cpp(5,1): error C2447: {: отсутствует заголовок функции (возможно, используется формальный список старого типа)
D:\LABY\BSUIR\tests1PPOIS\tests1PPOIS\test.cpp(5,1): error C2653: TestCaseName_TestName_Test: не является именем класса или пространства имен
D:\LABY\BSUIR\tests1PPOIS\tests1PPOIS\test.cpp(5,1): error C2065: TestCaseName_TestName_Test: необъявленный идентификатор
D:\LABY\BSUIR\tests1PPOIS\tests1PPOIS\test.cpp(5,1): error C2923: testing::internal::TestFactoryImpl: "TestCaseName_TestName_Test" не является допустимым аргументом типа шаблон для параметра "TestClass"
D:\LABY\BSUIR\tests1PPOIS\tests1PPOIS\test.cpp(5,1): message : см. объявление "TestCaseName_TestName_Test"
D:\LABY\BSUIR\tests1PPOIS\tests1PPOIS\test.cpp(5,1): error C2512: testing::internal::TestFactoryImpl: нет подходящего конструктора по умолчанию
D:\LABY\BSUIR\tests1PPOIS\tests1PPOIS\test.cpp(5,1): error C2660: testing::internal::MakeAndRegisterTestInfo: функция не принимает 8 аргументов
D:\LABY\BSUIR\tests1PPOIS\packages\Microsoft.googletest.v140.windesktop.msvcstl.static.rt-dyn.1.8.1.7\build\native\include\gtest\internal\gtest-internal.h(518,22): message : см. объявление "testing::internal::MakeAndRegisterTestInfo"
D:\LABY\BSUIR\tests1PPOIS\tests1PPOIS\test.cpp(5,1): message : при попытке сопоставить список аргументов "(const char [13], const char [9], int, int, testing::internal::CodeLocation, testing::internal::TypeId, overloaded-function, overloaded-function)"
  Создание кода...
